{
  "stats": {
    "suites": 15,
    "tests": 0,
    "passes": 0,
    "pending": 0,
    "failures": 0,
    "start": "2023-03-14T17:37:35.137Z",
    "end": "2023-03-14T17:37:37.858Z",
    "duration": 2721,
    "testsRegistered": 49,
    "passPercent": 0,
    "pendingPercent": 0,
    "other": 15,
    "hasOther": true,
    "skipped": 49,
    "hasSkipped": true
  },
  "results": [
    {
      "uuid": "5dbdca19-be8a-426b-8beb-97ecd0f3abfd",
      "title": "",
      "fullFile": "cypress/integration/project.spec.js",
      "file": "cypress/integration/project.spec.js",
      "beforeHooks": [],
      "afterHooks": [],
      "tests": [],
      "suites": [
        {
          "uuid": "195f4872-0125-48bc-93d7-7d62e47cd9cf",
          "title": "1 - Adicione à página o título \"Paleta de Cores\"",
          "fullFile": "",
          "file": "",
          "beforeHooks": [],
          "afterHooks": [],
          "tests": [
            {
              "title": "Verifica se contém um elemento `h1` com o id `title` com o título correto",
              "fullTitle": "1 - Adicione à página o título \"Paleta de Cores\" Verifica se contém um elemento `h1` com o id `title` com o título correto",
              "timedOut": null,
              "duration": 268,
              "state": "failed",
              "speed": null,
              "pass": false,
              "fail": true,
              "pending": false,
              "context": null,
              "code": "cy.get('h1#title').should('contain.text', 'Paleta de Cores');",
              "err": {
                "message": "Uncaught TypeError: window.onload is not a function\n\nThis error originated from your application code, not from Cypress.\n\nWhen Cypress detects uncaught errors originating from your application it will automatically fail the current test.\n\nThis behavior is configurable, and you can choose to turn this off by listening to the 'uncaught:exception' event.\n\nhttps://on.cypress.io/uncaught-exception-from-application\n\nBecause this error occurred during a 'before each' hook we are skipping the remaining tests in the current suite: '1 - Adicione à página o tít...'",
                "estack": "Uncaught TypeError: window.onload is not a function\n\nThis error originated from your application code, not from Cypress.\n\nWhen Cypress detects uncaught errors originating from your application it will automatically fail the current test.\n\nThis behavior is configurable, and you can choose to turn this off by listening to the 'uncaught:exception' event.\n\nhttps://on.cypress.io/uncaught-exception-from-application\n\nBecause this error occurred during a 'before each' hook we are skipping the remaining tests in the current suite: '1 - Adicione à página o tít...'\n    at http://localhost:35491/script.js:1:8",
                "diff": null
              },
              "uuid": "1084c602-ce78-47cf-b437-bbbda9029859",
              "parentUUID": "195f4872-0125-48bc-93d7-7d62e47cd9cf",
              "isHook": false,
              "skipped": false
            }
          ],
          "suites": [],
          "passes": [],
          "failures": [
            "1084c602-ce78-47cf-b437-bbbda9029859"
          ],
          "pending": [],
          "skipped": [],
          "duration": 268,
          "root": false,
          "rootEmpty": false,
          "_timeout": 2000
        },
        {
          "uuid": "80d7f2b6-6562-44a0-b6d4-c6a5a4c02d81",
          "title": "2 - Adicione à página uma paleta contendo quatro cores distintas",
          "fullFile": "",
          "file": "",
          "beforeHooks": [],
          "afterHooks": [],
          "tests": [
            {
              "title": "A paleta de cores deve ser um elemento com `id` denominado `color-palette` e ter mais de 0px de altura e de largura.",
              "fullTitle": "2 - Adicione à página uma paleta contendo quatro cores distintas A paleta de cores deve ser um elemento com `id` denominado `color-palette` e ter mais de 0px de altura e de largura.",
              "timedOut": null,
              "duration": 171,
              "state": "failed",
              "speed": null,
              "pass": false,
              "fail": true,
              "pending": false,
              "context": null,
              "code": "cy.get('#color-palette').should('be.visible');\ncy.get('#color-palette').children('.color');",
              "err": {
                "message": "Uncaught TypeError: window.onload is not a function\n\nThis error originated from your application code, not from Cypress.\n\nWhen Cypress detects uncaught errors originating from your application it will automatically fail the current test.\n\nThis behavior is configurable, and you can choose to turn this off by listening to the 'uncaught:exception' event.\n\nhttps://on.cypress.io/uncaught-exception-from-application\n\nBecause this error occurred during a 'before each' hook we are skipping the remaining tests in the current suite: '2 - Adicione à página uma p...'",
                "estack": "Uncaught TypeError: window.onload is not a function\n\nThis error originated from your application code, not from Cypress.\n\nWhen Cypress detects uncaught errors originating from your application it will automatically fail the current test.\n\nThis behavior is configurable, and you can choose to turn this off by listening to the 'uncaught:exception' event.\n\nhttps://on.cypress.io/uncaught-exception-from-application\n\nBecause this error occurred during a 'before each' hook we are skipping the remaining tests in the current suite: '2 - Adicione à página uma p...'\n    at http://localhost:35491/script.js:1:8",
                "diff": null
              },
              "uuid": "57bc03a1-4c8c-4643-9fe6-24cefad06d16",
              "parentUUID": "80d7f2b6-6562-44a0-b6d4-c6a5a4c02d81",
              "isHook": false,
              "skipped": false
            },
            {
              "title": "Verifica se cada cor individual da paleta de cores possui a `classe` chamada `color`.",
              "fullTitle": "2 - Adicione à página uma paleta contendo quatro cores distintas Verifica se cada cor individual da paleta de cores possui a `classe` chamada `color`.",
              "timedOut": null,
              "duration": 0,
              "state": "skipped",
              "speed": null,
              "pass": false,
              "fail": false,
              "pending": false,
              "context": null,
              "code": "cy.get('.color').should('have.length', 4).then(function (colors) {\n  for (var i = 0; i < colors.length; i++) {\n    cy.wrap(colors[i]).should('be.visible');\n  }\n});",
              "err": {},
              "uuid": "603320f9-ee9a-4de8-bbe5-a2f7e98292c6",
              "parentUUID": "80d7f2b6-6562-44a0-b6d4-c6a5a4c02d81",
              "isHook": false,
              "skipped": true
            },
            {
              "title": "Verifica se a cor de fundo de cada elemento da paleta é a cor que o elemento representa. **A única cor não permitida na paleta é a cor branca.**",
              "fullTitle": "2 - Adicione à página uma paleta contendo quatro cores distintas Verifica se a cor de fundo de cada elemento da paleta é a cor que o elemento representa. **A única cor não permitida na paleta é a cor branca.**",
              "timedOut": null,
              "duration": 0,
              "state": "skipped",
              "speed": null,
              "pass": false,
              "fail": false,
              "pending": false,
              "context": null,
              "code": "cy.get('.color').each(function (color) {\n  cy.wrap(color).should('have.class', 'color').and('not.have.css', 'background-color', WHITE);\n  cy.wrap(color).should('have.css', 'background-color');\n});",
              "err": {},
              "uuid": "b99ceeec-9a44-4f41-b0d4-dc98fc7e7994",
              "parentUUID": "80d7f2b6-6562-44a0-b6d4-c6a5a4c02d81",
              "isHook": false,
              "skipped": true
            },
            {
              "title": "Verifica se cada elemento da paleta de cores tem uma borda preta, sólida e com 1 pixel de largura;",
              "fullTitle": "2 - Adicione à página uma paleta contendo quatro cores distintas Verifica se cada elemento da paleta de cores tem uma borda preta, sólida e com 1 pixel de largura;",
              "timedOut": null,
              "duration": 0,
              "state": "skipped",
              "speed": null,
              "pass": false,
              "fail": false,
              "pending": false,
              "context": null,
              "code": "cy.get('.color').each(function (color) {\n  cy.wrap(color).and('have.css', 'border', \"1px solid \".concat(BLACK)).and('have.class', 'color');\n});",
              "err": {},
              "uuid": "7738651b-f819-4546-bf76-12f8864b8975",
              "parentUUID": "80d7f2b6-6562-44a0-b6d4-c6a5a4c02d81",
              "isHook": false,
              "skipped": true
            },
            {
              "title": "Verifica se a paleta lista todas as cores disponíveis para utilização, lado a lado.",
              "fullTitle": "2 - Adicione à página uma paleta contendo quatro cores distintas Verifica se a paleta lista todas as cores disponíveis para utilização, lado a lado.",
              "timedOut": null,
              "duration": 0,
              "state": "skipped",
              "speed": null,
              "pass": false,
              "fail": false,
              "pending": false,
              "context": null,
              "code": "cy.get('.color').then(function (colors) {\n  for (var index = 1; index < colors.length; index += 1) {\n    var currentColor = colors[index];\n    var previousColor = colors[index - 1];\n    cy.wrap(currentColor).should('be.onTheRightOf', previousColor).and('be.horizontallyAlignedWith', previousColor);\n  }\n});",
              "err": {},
              "uuid": "71d7ff22-3fce-43d4-86b6-92f6ff56a3e9",
              "parentUUID": "80d7f2b6-6562-44a0-b6d4-c6a5a4c02d81",
              "isHook": false,
              "skipped": true
            },
            {
              "title": "Verifica se a paleta de cores está posicionada abaixo do título 'Paleta de Cores'",
              "fullTitle": "2 - Adicione à página uma paleta contendo quatro cores distintas Verifica se a paleta de cores está posicionada abaixo do título 'Paleta de Cores'",
              "timedOut": null,
              "duration": 0,
              "state": "skipped",
              "speed": null,
              "pass": false,
              "fail": false,
              "pending": false,
              "context": null,
              "code": "cy.get('h1#title').then(function (title) {\n  cy.get('#color-palette').should('be.belowOf', title);\n});",
              "err": {},
              "uuid": "48a06128-7cad-48e6-9b13-00636d2dd1fa",
              "parentUUID": "80d7f2b6-6562-44a0-b6d4-c6a5a4c02d81",
              "isHook": false,
              "skipped": true
            },
            {
              "title": "Verifica se a paleta de cores não contém cores repetidas.",
              "fullTitle": "2 - Adicione à página uma paleta contendo quatro cores distintas Verifica se a paleta de cores não contém cores repetidas.",
              "timedOut": null,
              "duration": 0,
              "state": "skipped",
              "speed": null,
              "pass": false,
              "fail": false,
              "pending": false,
              "context": null,
              "code": "cy.get('.color').then(function (colors) {\n  var allColors = Array.from(colors).map(function (color) {\n    return Cypress.$(color).css('background-color');\n  });\n  cy.log(allColors);\n  var uniqColors = (0, _toConsumableArray2[\"default\"])(new Set(allColors));\n  cy.log(uniqColors);\n  expect(allColors.length).to.eq(uniqColors.length);\n});",
              "err": {},
              "uuid": "ae185fd7-8e65-4f0b-bc1d-572308c28f69",
              "parentUUID": "80d7f2b6-6562-44a0-b6d4-c6a5a4c02d81",
              "isHook": false,
              "skipped": true
            }
          ],
          "suites": [],
          "passes": [],
          "failures": [
            "57bc03a1-4c8c-4643-9fe6-24cefad06d16"
          ],
          "pending": [],
          "skipped": [
            "603320f9-ee9a-4de8-bbe5-a2f7e98292c6",
            "b99ceeec-9a44-4f41-b0d4-dc98fc7e7994",
            "7738651b-f819-4546-bf76-12f8864b8975",
            "71d7ff22-3fce-43d4-86b6-92f6ff56a3e9",
            "48a06128-7cad-48e6-9b13-00636d2dd1fa",
            "ae185fd7-8e65-4f0b-bc1d-572308c28f69"
          ],
          "duration": 171,
          "root": false,
          "rootEmpty": false,
          "_timeout": 2000
        },
        {
          "uuid": "4df12793-ffdf-4e2c-8f19-18c3a6bef031",
          "title": "3 - Adicione a cor **preta** como a primeira cor da paleta de cores",
          "fullFile": "",
          "file": "",
          "beforeHooks": [],
          "afterHooks": [],
          "tests": [
            {
              "title": "Verifica se a primeira cor da paleta é preta",
              "fullTitle": "3 - Adicione a cor **preta** como a primeira cor da paleta de cores Verifica se a primeira cor da paleta é preta",
              "timedOut": null,
              "duration": 173,
              "state": "failed",
              "speed": null,
              "pass": false,
              "fail": true,
              "pending": false,
              "context": null,
              "code": "cy.get('.color').first().should('have.css', 'background-color', BLACK);",
              "err": {
                "message": "Uncaught TypeError: window.onload is not a function\n\nThis error originated from your application code, not from Cypress.\n\nWhen Cypress detects uncaught errors originating from your application it will automatically fail the current test.\n\nThis behavior is configurable, and you can choose to turn this off by listening to the 'uncaught:exception' event.\n\nhttps://on.cypress.io/uncaught-exception-from-application\n\nBecause this error occurred during a 'before each' hook we are skipping the remaining tests in the current suite: '3 - Adicione a cor **preta*...'",
                "estack": "Uncaught TypeError: window.onload is not a function\n\nThis error originated from your application code, not from Cypress.\n\nWhen Cypress detects uncaught errors originating from your application it will automatically fail the current test.\n\nThis behavior is configurable, and you can choose to turn this off by listening to the 'uncaught:exception' event.\n\nhttps://on.cypress.io/uncaught-exception-from-application\n\nBecause this error occurred during a 'before each' hook we are skipping the remaining tests in the current suite: '3 - Adicione a cor **preta*...'\n    at http://localhost:35491/script.js:1:8",
                "diff": null
              },
              "uuid": "bc810db7-8d9e-4960-ac1a-2265acc8a235",
              "parentUUID": "4df12793-ffdf-4e2c-8f19-18c3a6bef031",
              "isHook": false,
              "skipped": false
            },
            {
              "title": "Verifica se as demais cores podem ser escolhidas livremente.",
              "fullTitle": "3 - Adicione a cor **preta** como a primeira cor da paleta de cores Verifica se as demais cores podem ser escolhidas livremente.",
              "timedOut": null,
              "duration": 0,
              "state": "skipped",
              "speed": null,
              "pass": false,
              "fail": false,
              "pending": false,
              "context": null,
              "code": "cy.get('.color').eq(1).should('not.have.css', 'background-color', BLACK);\ncy.get('.color').eq(1).should('not.have.css', 'background-color', WHITE);\ncy.get('.color').eq(1).should('not.have.css', 'background-color', 'rgba(0, 0, 0, 0)');\ncy.get('.color').eq(1).should('have.css', 'background-color');\ncy.get('.color').eq(2).should('not.have.css', 'background-color', BLACK);\ncy.get('.color').eq(2).should('not.have.css', 'background-color', WHITE);\ncy.get('.color').eq(2).should('not.have.css', 'background-color', 'rgba(0, 0, 0, 0)');\ncy.get('.color').eq(2).should('have.css', 'background-color');\ncy.get('.color').eq(3).should('not.have.css', 'background-color', BLACK);\ncy.get('.color').eq(3).should('not.have.css', 'background-color', WHITE);\ncy.get('.color').eq(3).should('not.have.css', 'background-color', 'rgba(0, 0, 0, 0)');\ncy.get('.color').eq(3).should('have.css', 'background-color');",
              "err": {},
              "uuid": "8fc47a8d-8de3-4e2c-98b7-5994c032cbf8",
              "parentUUID": "4df12793-ffdf-4e2c-8f19-18c3a6bef031",
              "isHook": false,
              "skipped": true
            }
          ],
          "suites": [],
          "passes": [],
          "failures": [
            "bc810db7-8d9e-4960-ac1a-2265acc8a235"
          ],
          "pending": [],
          "skipped": [
            "8fc47a8d-8de3-4e2c-98b7-5994c032cbf8"
          ],
          "duration": 173,
          "root": false,
          "rootEmpty": false,
          "_timeout": 2000
        },
        {
          "uuid": "695467c2-ff36-4e8f-97d9-0fb4805dd394",
          "title": "4 - Adicione um botão para gerar cores aleatórias para a paleta de cores",
          "fullFile": "",
          "file": "",
          "beforeHooks": [],
          "afterHooks": [],
          "tests": [
            {
              "title": "O botão deve possuir o `id` denominado `button-random-color`",
              "fullTitle": "4 - Adicione um botão para gerar cores aleatórias para a paleta de cores O botão deve possuir o `id` denominado `button-random-color`",
              "timedOut": null,
              "duration": 201,
              "state": "failed",
              "speed": null,
              "pass": false,
              "fail": true,
              "pending": false,
              "context": null,
              "code": "cy.get('#button-random-color').should('be.visible');",
              "err": {
                "message": "Uncaught TypeError: window.onload is not a function\n\nThis error originated from your application code, not from Cypress.\n\nWhen Cypress detects uncaught errors originating from your application it will automatically fail the current test.\n\nThis behavior is configurable, and you can choose to turn this off by listening to the 'uncaught:exception' event.\n\nhttps://on.cypress.io/uncaught-exception-from-application\n\nBecause this error occurred during a 'before each' hook we are skipping the remaining tests in the current suite: '4 - Adicione um botão para ...'",
                "estack": "Uncaught TypeError: window.onload is not a function\n\nThis error originated from your application code, not from Cypress.\n\nWhen Cypress detects uncaught errors originating from your application it will automatically fail the current test.\n\nThis behavior is configurable, and you can choose to turn this off by listening to the 'uncaught:exception' event.\n\nhttps://on.cypress.io/uncaught-exception-from-application\n\nBecause this error occurred during a 'before each' hook we are skipping the remaining tests in the current suite: '4 - Adicione um botão para ...'\n    at http://localhost:35491/script.js:1:8",
                "diff": null
              },
              "uuid": "d3f00986-f6a6-4161-887d-4cf248abdeda",
              "parentUUID": "695467c2-ff36-4e8f-97d9-0fb4805dd394",
              "isHook": false,
              "skipped": false
            },
            {
              "title": "O botão deve possuir o texto `Cores aleatórias`",
              "fullTitle": "4 - Adicione um botão para gerar cores aleatórias para a paleta de cores O botão deve possuir o texto `Cores aleatórias`",
              "timedOut": null,
              "duration": 0,
              "state": "skipped",
              "speed": null,
              "pass": false,
              "fail": false,
              "pending": false,
              "context": null,
              "code": "cy.get('#button-random-color').contains('Cores aleatórias');",
              "err": {},
              "uuid": "aebfb64b-8dbd-496c-8445-2c1a53aab593",
              "parentUUID": "695467c2-ff36-4e8f-97d9-0fb4805dd394",
              "isHook": false,
              "skipped": true
            },
            {
              "title": "As cores geradas na paleta são diferentes a cada click do botão.",
              "fullTitle": "4 - Adicione um botão para gerar cores aleatórias para a paleta de cores As cores geradas na paleta são diferentes a cada click do botão.",
              "timedOut": null,
              "duration": 0,
              "state": "skipped",
              "speed": null,
              "pass": false,
              "fail": false,
              "pending": false,
              "context": null,
              "code": "cy.get('.color').then(function (colors) {\n  var currentColors;\n  var previousColors;\n  previousColors = Array.from(colors).map(function (color) {\n    return Cypress.$(color).css('background-color');\n  });\n  for (var i = 0; i < 5; i += 1) {\n    cy.get('#button-random-color').click();\n    cy.get('.color').then(function (colors) {\n      currentColors = Array.from(colors).map(function (color) {\n        return Cypress.$(color).css('background-color');\n      });\n      expect(currentColors).not.to.deep.equal(previousColors);\n      previousColors = currentColors;\n    });\n  }\n});",
              "err": {},
              "uuid": "9b632124-567b-4b19-8ef0-5a90881aaa12",
              "parentUUID": "695467c2-ff36-4e8f-97d9-0fb4805dd394",
              "isHook": false,
              "skipped": true
            },
            {
              "title": "A cor preta deve ser a primeira na sua paleta de cores",
              "fullTitle": "4 - Adicione um botão para gerar cores aleatórias para a paleta de cores A cor preta deve ser a primeira na sua paleta de cores",
              "timedOut": null,
              "duration": 0,
              "state": "skipped",
              "speed": null,
              "pass": false,
              "fail": false,
              "pending": false,
              "context": null,
              "code": "cy.get('.color').then(function (colors) {\n  var currentColors;\n  var previousColors;\n  previousColors = Array.from(colors).map(function (color) {\n    return Cypress.$(color).css('background-color');\n  });\n  expect(previousColors[0]).to.eq(BLACK);\n  for (var i = 0; i < 5; i += 1) {\n    cy.get('#button-random-color').click();\n    cy.get('.color').then(function (colors) {\n      currentColors = Array.from(colors).map(function (color) {\n        return Cypress.$(color).css('background-color');\n      });\n      expect(currentColors[0]).to.eq(BLACK);\n      expect(currentColors).not.to.deep.equal(previousColors);\n      previousColors = currentColors;\n    });\n  }\n});",
              "err": {},
              "uuid": "76abbe3e-5387-473c-b5d1-8964e4e75e9c",
              "parentUUID": "695467c2-ff36-4e8f-97d9-0fb4805dd394",
              "isHook": false,
              "skipped": true
            }
          ],
          "suites": [],
          "passes": [],
          "failures": [
            "d3f00986-f6a6-4161-887d-4cf248abdeda"
          ],
          "pending": [],
          "skipped": [
            "aebfb64b-8dbd-496c-8445-2c1a53aab593",
            "9b632124-567b-4b19-8ef0-5a90881aaa12",
            "76abbe3e-5387-473c-b5d1-8964e4e75e9c"
          ],
          "duration": 201,
          "root": false,
          "rootEmpty": false,
          "_timeout": 2000
        },
        {
          "uuid": "cb3522d4-9f90-4cb2-b214-c5cefc10083c",
          "title": "5 - Implemente uma função usando localStorage para que a paleta de cores gerada aleatoriamente seja mantida após recarregar a página",
          "fullFile": "",
          "file": "",
          "beforeHooks": [],
          "afterHooks": [],
          "tests": [
            {
              "title": "A paleta gerada deve ser salva no localStorage com a chave `colorPalette`",
              "fullTitle": "5 - Implemente uma função usando localStorage para que a paleta de cores gerada aleatoriamente seja mantida após recarregar a página A paleta gerada deve ser salva no localStorage com a chave `colorPalette`",
              "timedOut": null,
              "duration": 190,
              "state": "failed",
              "speed": null,
              "pass": false,
              "fail": true,
              "pending": false,
              "context": null,
              "code": "cy.get('#button-random-color').click().should(function () {\n  expect(localStorage.getItem('colorPalette')).to.not.equal(null);\n});",
              "err": {
                "message": "Uncaught TypeError: window.onload is not a function\n\nThis error originated from your application code, not from Cypress.\n\nWhen Cypress detects uncaught errors originating from your application it will automatically fail the current test.\n\nThis behavior is configurable, and you can choose to turn this off by listening to the 'uncaught:exception' event.\n\nhttps://on.cypress.io/uncaught-exception-from-application\n\nBecause this error occurred during a 'before each' hook we are skipping the remaining tests in the current suite: '5 - Implemente uma função u...'",
                "estack": "Uncaught TypeError: window.onload is not a function\n\nThis error originated from your application code, not from Cypress.\n\nWhen Cypress detects uncaught errors originating from your application it will automatically fail the current test.\n\nThis behavior is configurable, and you can choose to turn this off by listening to the 'uncaught:exception' event.\n\nhttps://on.cypress.io/uncaught-exception-from-application\n\nBecause this error occurred during a 'before each' hook we are skipping the remaining tests in the current suite: '5 - Implemente uma função u...'\n    at http://localhost:35491/script.js:1:8",
                "diff": null
              },
              "uuid": "6c8d4e5d-5535-4c65-9309-4cee40695169",
              "parentUUID": "cb3522d4-9f90-4cb2-b214-c5cefc10083c",
              "isHook": false,
              "skipped": false
            },
            {
              "title": "A paleta gerada deve ser mantida ao recarregar a página",
              "fullTitle": "5 - Implemente uma função usando localStorage para que a paleta de cores gerada aleatoriamente seja mantida após recarregar a página A paleta gerada deve ser mantida ao recarregar a página",
              "timedOut": null,
              "duration": 0,
              "state": "skipped",
              "speed": null,
              "pass": false,
              "fail": false,
              "pending": false,
              "context": null,
              "code": "cy.get('#button-random-color').click();\ncy.get('.color').then(function (colors) {\n  var currentColors;\n  var previousColors;\n  previousColors = Array.from(colors).map(function (color) {\n    return Cypress.$(color).css('background-color');\n  });\n  cy.reload();\n  cy.get('.color').then(function (colorsAfter) {\n    currentColors = Array.from(colorsAfter).map(function (colorAfter) {\n      return Cypress.$(colorAfter).css('background-color');\n    });\n    expect(currentColors).to.deep.equal(previousColors);\n  });\n});",
              "err": {},
              "uuid": "0a051373-4281-414a-8b77-6c29808f8a6c",
              "parentUUID": "cb3522d4-9f90-4cb2-b214-c5cefc10083c",
              "isHook": false,
              "skipped": true
            }
          ],
          "suites": [],
          "passes": [],
          "failures": [
            "6c8d4e5d-5535-4c65-9309-4cee40695169"
          ],
          "pending": [],
          "skipped": [
            "0a051373-4281-414a-8b77-6c29808f8a6c"
          ],
          "duration": 190,
          "root": false,
          "rootEmpty": false,
          "_timeout": 2000
        },
        {
          "uuid": "8a78ad56-7914-4c0c-ba48-f1334c1123de",
          "title": "6 - Adicione à página um quadro contendo 25 pixels",
          "fullFile": "",
          "file": "",
          "beforeHooks": [],
          "afterHooks": [],
          "tests": [
            {
              "title": "Verifica se o quadro de pixels possui o `id` denominado `pixel-board`",
              "fullTitle": "6 - Adicione à página um quadro contendo 25 pixels Verifica se o quadro de pixels possui o `id` denominado `pixel-board`",
              "timedOut": null,
              "duration": 177,
              "state": "failed",
              "speed": null,
              "pass": false,
              "fail": true,
              "pending": false,
              "context": null,
              "code": "cy.get('#pixel-board').should('be.visible');",
              "err": {
                "message": "Uncaught TypeError: window.onload is not a function\n\nThis error originated from your application code, not from Cypress.\n\nWhen Cypress detects uncaught errors originating from your application it will automatically fail the current test.\n\nThis behavior is configurable, and you can choose to turn this off by listening to the 'uncaught:exception' event.\n\nhttps://on.cypress.io/uncaught-exception-from-application\n\nBecause this error occurred during a 'before each' hook we are skipping the remaining tests in the current suite: '6 - Adicione à página um qu...'",
                "estack": "Uncaught TypeError: window.onload is not a function\n\nThis error originated from your application code, not from Cypress.\n\nWhen Cypress detects uncaught errors originating from your application it will automatically fail the current test.\n\nThis behavior is configurable, and you can choose to turn this off by listening to the 'uncaught:exception' event.\n\nhttps://on.cypress.io/uncaught-exception-from-application\n\nBecause this error occurred during a 'before each' hook we are skipping the remaining tests in the current suite: '6 - Adicione à página um qu...'\n    at http://localhost:35491/script.js:1:8",
                "diff": null
              },
              "uuid": "2dae098b-fe5e-450d-a86f-e4220bdd4a0e",
              "parentUUID": "8a78ad56-7914-4c0c-ba48-f1334c1123de",
              "isHook": false,
              "skipped": false
            },
            {
              "title": "Verifica se cada pixel individual dentro do quadro possui a `classe` denominada `pixel`.",
              "fullTitle": "6 - Adicione à página um quadro contendo 25 pixels Verifica se cada pixel individual dentro do quadro possui a `classe` denominada `pixel`.",
              "timedOut": null,
              "duration": 0,
              "state": "skipped",
              "speed": null,
              "pass": false,
              "fail": false,
              "pending": false,
              "context": null,
              "code": "cy.get('.pixel').should('have.length', 25);",
              "err": {},
              "uuid": "5a8031d5-d2c1-40dc-9c9f-62abfc038c6e",
              "parentUUID": "8a78ad56-7914-4c0c-ba48-f1334c1123de",
              "isHook": false,
              "skipped": true
            },
            {
              "title": "Verifica se a cor inicial dos pixels dentro do quadro, ao abrir a página, é branca.",
              "fullTitle": "6 - Adicione à página um quadro contendo 25 pixels Verifica se a cor inicial dos pixels dentro do quadro, ao abrir a página, é branca.",
              "timedOut": null,
              "duration": 0,
              "state": "skipped",
              "speed": null,
              "pass": false,
              "fail": false,
              "pending": false,
              "context": null,
              "code": "cy.get('.pixel').should('have.length', 25).each(function (pixel) {\n  expect(pixel).to.have.css('background-color', WHITE);\n});",
              "err": {},
              "uuid": "6071757f-3316-42f1-9bf6-852a9902ba64",
              "parentUUID": "8a78ad56-7914-4c0c-ba48-f1334c1123de",
              "isHook": false,
              "skipped": true
            },
            {
              "title": "Verifica se o quadro de pixels aparece abaixo da paleta de cores",
              "fullTitle": "6 - Adicione à página um quadro contendo 25 pixels Verifica se o quadro de pixels aparece abaixo da paleta de cores",
              "timedOut": null,
              "duration": 0,
              "state": "skipped",
              "speed": null,
              "pass": false,
              "fail": false,
              "pending": false,
              "context": null,
              "code": "cy.get('#color-palette').then(function (palette) {\n  cy.get('#pixel-board').should('be.belowOf', palette);\n});",
              "err": {},
              "uuid": "7b3c7d6b-ee03-4166-a122-7548908b7b83",
              "parentUUID": "8a78ad56-7914-4c0c-ba48-f1334c1123de",
              "isHook": false,
              "skipped": true
            }
          ],
          "suites": [],
          "passes": [],
          "failures": [
            "2dae098b-fe5e-450d-a86f-e4220bdd4a0e"
          ],
          "pending": [],
          "skipped": [
            "5a8031d5-d2c1-40dc-9c9f-62abfc038c6e",
            "6071757f-3316-42f1-9bf6-852a9902ba64",
            "7b3c7d6b-ee03-4166-a122-7548908b7b83"
          ],
          "duration": 177,
          "root": false,
          "rootEmpty": false,
          "_timeout": 2000
        },
        {
          "uuid": "3b32b981-ffee-4da1-b096-1a2d8de9610b",
          "title": "7 - Faça com que cada elemento do quadro de pixels possua 40 pixels de largura, 40 pixels de altura e seja delimitado por uma borda preta de 1 pixel",
          "fullFile": "",
          "file": "",
          "beforeHooks": [],
          "afterHooks": [],
          "tests": [
            {
              "title": "Verifica se o quadro de pixels tem altura e comprimento de 5 elementos",
              "fullTitle": "7 - Faça com que cada elemento do quadro de pixels possua 40 pixels de largura, 40 pixels de altura e seja delimitado por uma borda preta de 1 pixel Verifica se o quadro de pixels tem altura e comprimento de 5 elementos",
              "timedOut": null,
              "duration": 150,
              "state": "failed",
              "speed": null,
              "pass": false,
              "fail": true,
              "pending": false,
              "context": null,
              "code": "cy.get('.pixel').should('have.length', 25).each(function (pixel) {\n  expect(pixel).to.have.css('background-color', WHITE);\n}).and(function (pixels) {\n  var rows = chunk(pixels, 5);\n  rows.forEach(function (row) {\n    for (var index = 1; index < row.length; index += 1) {\n      var current = pixels[index];\n      var previous = pixels[index - 1];\n      cy.wrap(current).should('be.onTheRightOf', previous).and('be.horizontallyAlignedWith', previous);\n    }\n  });\n  for (var index = 1; index < 5; index += 1) {\n    expect(pixels[index * 5]).to.be.belowOf(pixels[(index - 1) * 5]);\n  }\n});",
              "err": {
                "message": "Uncaught TypeError: window.onload is not a function\n\nThis error originated from your application code, not from Cypress.\n\nWhen Cypress detects uncaught errors originating from your application it will automatically fail the current test.\n\nThis behavior is configurable, and you can choose to turn this off by listening to the 'uncaught:exception' event.\n\nhttps://on.cypress.io/uncaught-exception-from-application\n\nBecause this error occurred during a 'before each' hook we are skipping the remaining tests in the current suite: '7 - Faça com que cada eleme...'",
                "estack": "Uncaught TypeError: window.onload is not a function\n\nThis error originated from your application code, not from Cypress.\n\nWhen Cypress detects uncaught errors originating from your application it will automatically fail the current test.\n\nThis behavior is configurable, and you can choose to turn this off by listening to the 'uncaught:exception' event.\n\nhttps://on.cypress.io/uncaught-exception-from-application\n\nBecause this error occurred during a 'before each' hook we are skipping the remaining tests in the current suite: '7 - Faça com que cada eleme...'\n    at http://localhost:35491/script.js:1:8",
                "diff": null
              },
              "uuid": "61fd42e4-b3ab-48e6-98e1-7899311e2d6d",
              "parentUUID": "3b32b981-ffee-4da1-b096-1a2d8de9610b",
              "isHook": false,
              "skipped": false
            },
            {
              "title": "Verifica se 40 pixels é o tamanho total do elemento, incluindo seu conteúdo e excluindo a borda preta, que deve ser criada à parte.",
              "fullTitle": "7 - Faça com que cada elemento do quadro de pixels possua 40 pixels de largura, 40 pixels de altura e seja delimitado por uma borda preta de 1 pixel Verifica se 40 pixels é o tamanho total do elemento, incluindo seu conteúdo e excluindo a borda preta, que deve ser criada à parte.",
              "timedOut": null,
              "duration": 0,
              "state": "skipped",
              "speed": null,
              "pass": false,
              "fail": false,
              "pending": false,
              "context": null,
              "code": "cy.get('.pixel').each(function (pixel) {\n  cy.wrap(pixel).should('have.css', 'height', '40px').and('have.css', 'width', '40px').and('have.css', 'border', \"1px solid \".concat(BLACK));\n});",
              "err": {},
              "uuid": "63102877-daf2-4643-8d50-ba68ebbb4259",
              "parentUUID": "3b32b981-ffee-4da1-b096-1a2d8de9610b",
              "isHook": false,
              "skipped": true
            }
          ],
          "suites": [],
          "passes": [],
          "failures": [
            "61fd42e4-b3ab-48e6-98e1-7899311e2d6d"
          ],
          "pending": [],
          "skipped": [
            "63102877-daf2-4643-8d50-ba68ebbb4259"
          ],
          "duration": 150,
          "root": false,
          "rootEmpty": false,
          "_timeout": 2000
        },
        {
          "uuid": "44c5ed6f-848c-404a-aaf8-69c0e07ae412",
          "title": "8 - Defina a cor preta como cor inicial da paleta de cores. Ao carregar a página a cor preta já deve estar selecionada para pintar os pixels",
          "fullFile": "",
          "file": "",
          "beforeHooks": [],
          "afterHooks": [],
          "tests": [
            {
              "title": "Verifica se o elemento da cor preta possui, inicialmente, a `classe` `selected`",
              "fullTitle": "8 - Defina a cor preta como cor inicial da paleta de cores. Ao carregar a página a cor preta já deve estar selecionada para pintar os pixels Verifica se o elemento da cor preta possui, inicialmente, a `classe` `selected`",
              "timedOut": null,
              "duration": 144,
              "state": "failed",
              "speed": null,
              "pass": false,
              "fail": true,
              "pending": false,
              "context": null,
              "code": "cy.get('.selected').first().should('have.css', 'background-color', BLACK);",
              "err": {
                "message": "Uncaught TypeError: window.onload is not a function\n\nThis error originated from your application code, not from Cypress.\n\nWhen Cypress detects uncaught errors originating from your application it will automatically fail the current test.\n\nThis behavior is configurable, and you can choose to turn this off by listening to the 'uncaught:exception' event.\n\nhttps://on.cypress.io/uncaught-exception-from-application\n\nBecause this error occurred during a 'before each' hook we are skipping the remaining tests in the current suite: '8 - Defina a cor preta como...'",
                "estack": "Uncaught TypeError: window.onload is not a function\n\nThis error originated from your application code, not from Cypress.\n\nWhen Cypress detects uncaught errors originating from your application it will automatically fail the current test.\n\nThis behavior is configurable, and you can choose to turn this off by listening to the 'uncaught:exception' event.\n\nhttps://on.cypress.io/uncaught-exception-from-application\n\nBecause this error occurred during a 'before each' hook we are skipping the remaining tests in the current suite: '8 - Defina a cor preta como...'\n    at http://localhost:35491/script.js:1:8",
                "diff": null
              },
              "uuid": "10567ac7-ae05-4311-a12e-5ae83767cc2e",
              "parentUUID": "44c5ed6f-848c-404a-aaf8-69c0e07ae412",
              "isHook": false,
              "skipped": false
            },
            {
              "title": "Verifica se nenhuma outra cor da paleta tem a `classe` `selected`",
              "fullTitle": "8 - Defina a cor preta como cor inicial da paleta de cores. Ao carregar a página a cor preta já deve estar selecionada para pintar os pixels Verifica se nenhuma outra cor da paleta tem a `classe` `selected`",
              "timedOut": null,
              "duration": 0,
              "state": "skipped",
              "speed": null,
              "pass": false,
              "fail": false,
              "pending": false,
              "context": null,
              "code": "cy.get('.color:not(:first-of-type)').each(function (color) {\n  cy.wrap(color).should('not.have.class', 'selected');\n});",
              "err": {},
              "uuid": "7471407a-16e8-456a-bebd-0a4221a80095",
              "parentUUID": "44c5ed6f-848c-404a-aaf8-69c0e07ae412",
              "isHook": false,
              "skipped": true
            }
          ],
          "suites": [],
          "passes": [],
          "failures": [
            "10567ac7-ae05-4311-a12e-5ae83767cc2e"
          ],
          "pending": [],
          "skipped": [
            "7471407a-16e8-456a-bebd-0a4221a80095"
          ],
          "duration": 144,
          "root": false,
          "rootEmpty": false,
          "_timeout": 2000
        },
        {
          "uuid": "210b46b9-580c-42dd-8dff-1919b0816f0b",
          "title": "9 - Crie uma função para selecionar uma cor na paleta de cores e preencher os pixels no quadro",
          "fullFile": "",
          "file": "",
          "beforeHooks": [],
          "afterHooks": [],
          "tests": [
            {
              "title": "Verifica se somente uma cor da paleta de cores tem a classe `selected` de cada vez",
              "fullTitle": "9 - Crie uma função para selecionar uma cor na paleta de cores e preencher os pixels no quadro Verifica se somente uma cor da paleta de cores tem a classe `selected` de cada vez",
              "timedOut": null,
              "duration": 144,
              "state": "failed",
              "speed": null,
              "pass": false,
              "fail": true,
              "pending": false,
              "context": null,
              "code": "cy.get('.color').each(function (selectedColor, selectedColorIndex) {\n  cy.wrap(selectedColor).click();\n  cy.get('.color').each(function (color, colorIndex) {\n    if (colorIndex === selectedColorIndex) {\n      expect(color).to.have[\"class\"]('selected');\n    } else {\n      expect(color).not.to.have[\"class\"]('selected');\n    }\n  });\n});",
              "err": {
                "message": "Uncaught TypeError: window.onload is not a function\n\nThis error originated from your application code, not from Cypress.\n\nWhen Cypress detects uncaught errors originating from your application it will automatically fail the current test.\n\nThis behavior is configurable, and you can choose to turn this off by listening to the 'uncaught:exception' event.\n\nhttps://on.cypress.io/uncaught-exception-from-application\n\nBecause this error occurred during a 'before each' hook we are skipping the remaining tests in the current suite: '9 - Crie uma função para se...'",
                "estack": "Uncaught TypeError: window.onload is not a function\n\nThis error originated from your application code, not from Cypress.\n\nWhen Cypress detects uncaught errors originating from your application it will automatically fail the current test.\n\nThis behavior is configurable, and you can choose to turn this off by listening to the 'uncaught:exception' event.\n\nhttps://on.cypress.io/uncaught-exception-from-application\n\nBecause this error occurred during a 'before each' hook we are skipping the remaining tests in the current suite: '9 - Crie uma função para se...'\n    at http://localhost:35491/script.js:1:8",
                "diff": null
              },
              "uuid": "6425417e-2dcb-4e0f-9c83-ec7a4da40866",
              "parentUUID": "210b46b9-580c-42dd-8dff-1919b0816f0b",
              "isHook": false,
              "skipped": false
            },
            {
              "title": "Verifica se os pixels dentro do quadro não têm a classe `selected` quando são clicados",
              "fullTitle": "9 - Crie uma função para selecionar uma cor na paleta de cores e preencher os pixels no quadro Verifica se os pixels dentro do quadro não têm a classe `selected` quando são clicados",
              "timedOut": null,
              "duration": 0,
              "state": "skipped",
              "speed": null,
              "pass": false,
              "fail": false,
              "pending": false,
              "context": null,
              "code": "cy.get('.color').each(function (color) {\n  var backgroundColor = color.css('background-color');\n  cy.wrap(color).click();\n  cy.get('.pixel').each(function (pixel) {\n    cy.wrap(pixel).click().should('not.have.class', 'selected');\n  });\n});",
              "err": {},
              "uuid": "6b055c1f-846d-412d-9f5e-0fed8ea5b51a",
              "parentUUID": "210b46b9-580c-42dd-8dff-1919b0816f0b",
              "isHook": false,
              "skipped": true
            }
          ],
          "suites": [],
          "passes": [],
          "failures": [
            "6425417e-2dcb-4e0f-9c83-ec7a4da40866"
          ],
          "pending": [],
          "skipped": [
            "6b055c1f-846d-412d-9f5e-0fed8ea5b51a"
          ],
          "duration": 144,
          "root": false,
          "rootEmpty": false,
          "_timeout": 2000
        },
        {
          "uuid": "9e71f898-5afa-4a36-8a75-e9641c18b0f6",
          "title": "10 - Crie uma função que permita preencher um pixel do quadro com a cor selecionada na paleta de cores",
          "fullFile": "",
          "file": "",
          "beforeHooks": [],
          "afterHooks": [],
          "tests": [
            {
              "title": "Verifica se ao carregar a página deve ser possível pintar os pixels de preto",
              "fullTitle": "10 - Crie uma função que permita preencher um pixel do quadro com a cor selecionada na paleta de cores Verifica se ao carregar a página deve ser possível pintar os pixels de preto",
              "timedOut": null,
              "duration": 163,
              "state": "failed",
              "speed": null,
              "pass": false,
              "fail": true,
              "pending": false,
              "context": null,
              "code": "cy.get('.pixel').each(function (pixel) {\n  cy.wrap(pixel).click().should('have.css', 'background-color', BLACK);\n});",
              "err": {
                "message": "Uncaught TypeError: window.onload is not a function\n\nThis error originated from your application code, not from Cypress.\n\nWhen Cypress detects uncaught errors originating from your application it will automatically fail the current test.\n\nThis behavior is configurable, and you can choose to turn this off by listening to the 'uncaught:exception' event.\n\nhttps://on.cypress.io/uncaught-exception-from-application\n\nBecause this error occurred during a 'before each' hook we are skipping the remaining tests in the current suite: '10 - Crie uma função que pe...'",
                "estack": "Uncaught TypeError: window.onload is not a function\n\nThis error originated from your application code, not from Cypress.\n\nWhen Cypress detects uncaught errors originating from your application it will automatically fail the current test.\n\nThis behavior is configurable, and you can choose to turn this off by listening to the 'uncaught:exception' event.\n\nhttps://on.cypress.io/uncaught-exception-from-application\n\nBecause this error occurred during a 'before each' hook we are skipping the remaining tests in the current suite: '10 - Crie uma função que pe...'\n    at http://localhost:35491/script.js:1:8",
                "diff": null
              },
              "uuid": "d3ccd18e-ca71-4e1c-9c16-6576bef70ee9",
              "parentUUID": "9e71f898-5afa-4a36-8a75-e9641c18b0f6",
              "isHook": false,
              "skipped": false
            },
            {
              "title": "Verifica se após selecionar uma outra cor na paleta, é possível pintar os pixels com essa cor",
              "fullTitle": "10 - Crie uma função que permita preencher um pixel do quadro com a cor selecionada na paleta de cores Verifica se após selecionar uma outra cor na paleta, é possível pintar os pixels com essa cor",
              "timedOut": null,
              "duration": 0,
              "state": "skipped",
              "speed": null,
              "pass": false,
              "fail": false,
              "pending": false,
              "context": null,
              "code": "cy.get('.color').each(function (color) {\n  var backgroundColor = color.css('background-color');\n  cy.wrap(color).click();\n  cy.get('.pixel').each(function (pixel) {\n    cy.wrap(pixel).click().should('have.css', 'background-color', backgroundColor);\n  });\n});",
              "err": {},
              "uuid": "e9e9cd34-0771-42a7-aea0-14a11ee05bbc",
              "parentUUID": "9e71f898-5afa-4a36-8a75-e9641c18b0f6",
              "isHook": false,
              "skipped": true
            },
            {
              "title": "Verifica se somente o pixel que foi clicado foi preenchido com a cor selecionada, sem influenciar na cor dos demais pixels.",
              "fullTitle": "10 - Crie uma função que permita preencher um pixel do quadro com a cor selecionada na paleta de cores Verifica se somente o pixel que foi clicado foi preenchido com a cor selecionada, sem influenciar na cor dos demais pixels.",
              "timedOut": null,
              "duration": 0,
              "state": "skipped",
              "speed": null,
              "pass": false,
              "fail": false,
              "pending": false,
              "context": null,
              "code": "var colorToPixelIndexMap = {\n  0: 6,\n  1: 8,\n  2: 16,\n  3: 18\n};\ncy.get('.color').each(function (color, index) {\n  cy.wrap(color).click();\n  var backgroundColor = color.css('background-color');\n  var clickedPixelIndex = colorToPixelIndexMap[index];\n  cy.get('.pixel').eq(clickedPixelIndex).click();\n  cy.get('.pixel').eq(clickedPixelIndex - 1).should('not.have.css', 'background-color', backgroundColor);\n  cy.get('.pixel').eq(clickedPixelIndex + 1).should('not.have.css', 'background-color', backgroundColor);\n  cy.get('.pixel').eq(clickedPixelIndex - 5).should('not.have.css', 'background-color', backgroundColor);\n  cy.get('.pixel').eq(clickedPixelIndex + 5).should('not.have.css', 'background-color', backgroundColor);\n  cy.get('.pixel').eq(clickedPixelIndex - 6).should('not.have.css', 'background-color', backgroundColor);\n  cy.get('.pixel').eq(clickedPixelIndex - 4).should('not.have.css', 'background-color', backgroundColor);\n  cy.get('.pixel').eq(clickedPixelIndex + 4).should('not.have.css', 'background-color', backgroundColor);\n  cy.get('.pixel').eq(clickedPixelIndex + 6).should('not.have.css', 'background-color', backgroundColor);\n});",
              "err": {},
              "uuid": "59d9537b-3e96-48b9-bdcd-1470ef60fb70",
              "parentUUID": "9e71f898-5afa-4a36-8a75-e9641c18b0f6",
              "isHook": false,
              "skipped": true
            }
          ],
          "suites": [],
          "passes": [],
          "failures": [
            "d3ccd18e-ca71-4e1c-9c16-6576bef70ee9"
          ],
          "pending": [],
          "skipped": [
            "e9e9cd34-0771-42a7-aea0-14a11ee05bbc",
            "59d9537b-3e96-48b9-bdcd-1470ef60fb70"
          ],
          "duration": 163,
          "root": false,
          "rootEmpty": false,
          "_timeout": 2000
        },
        {
          "uuid": "e7dde04e-a575-4347-9697-7bc56a0f43fa",
          "title": "11 - Crie um botão que, ao ser clicado, limpa o quadro preenchendo a cor de todos seus pixels com branco",
          "fullFile": "",
          "file": "",
          "beforeHooks": [],
          "afterHooks": [],
          "tests": [
            {
              "title": "Verifica se o botão tem o `id` denominado `clear-board`",
              "fullTitle": "11 - Crie um botão que, ao ser clicado, limpa o quadro preenchendo a cor de todos seus pixels com branco Verifica se o botão tem o `id` denominado `clear-board`",
              "timedOut": null,
              "duration": 145,
              "state": "failed",
              "speed": null,
              "pass": false,
              "fail": true,
              "pending": false,
              "context": null,
              "code": "cy.get('#clear-board').should('be.visible');",
              "err": {
                "message": "Uncaught TypeError: window.onload is not a function\n\nThis error originated from your application code, not from Cypress.\n\nWhen Cypress detects uncaught errors originating from your application it will automatically fail the current test.\n\nThis behavior is configurable, and you can choose to turn this off by listening to the 'uncaught:exception' event.\n\nhttps://on.cypress.io/uncaught-exception-from-application\n\nBecause this error occurred during a 'before each' hook we are skipping the remaining tests in the current suite: '11 - Crie um botão que, ao ...'",
                "estack": "Uncaught TypeError: window.onload is not a function\n\nThis error originated from your application code, not from Cypress.\n\nWhen Cypress detects uncaught errors originating from your application it will automatically fail the current test.\n\nThis behavior is configurable, and you can choose to turn this off by listening to the 'uncaught:exception' event.\n\nhttps://on.cypress.io/uncaught-exception-from-application\n\nBecause this error occurred during a 'before each' hook we are skipping the remaining tests in the current suite: '11 - Crie um botão que, ao ...'\n    at http://localhost:35491/script.js:1:8",
                "diff": null
              },
              "uuid": "061e82d2-aea1-4262-b46c-c05d9ca5b845",
              "parentUUID": "e7dde04e-a575-4347-9697-7bc56a0f43fa",
              "isHook": false,
              "skipped": false
            },
            {
              "title": "Verifica se o botão está posicionado entre a paleta de cores e o quadro de pixels",
              "fullTitle": "11 - Crie um botão que, ao ser clicado, limpa o quadro preenchendo a cor de todos seus pixels com branco Verifica se o botão está posicionado entre a paleta de cores e o quadro de pixels",
              "timedOut": null,
              "duration": 0,
              "state": "skipped",
              "speed": null,
              "pass": false,
              "fail": false,
              "pending": false,
              "context": null,
              "code": "cy.get('#color-palette').then(function (palette) {\n  cy.get('#clear-board').should('be.belowOf', palette);\n});\ncy.get('#clear-board').then(function (clearBtn) {\n  cy.get('#pixel-board').should('be.belowOf', clearBtn);\n});",
              "err": {},
              "uuid": "fb7d0068-1df3-4153-bd5e-55e61d9d8a4d",
              "parentUUID": "e7dde04e-a575-4347-9697-7bc56a0f43fa",
              "isHook": false,
              "skipped": true
            },
            {
              "title": "Verifica se o texto do botão é 'Limpar'",
              "fullTitle": "11 - Crie um botão que, ao ser clicado, limpa o quadro preenchendo a cor de todos seus pixels com branco Verifica se o texto do botão é 'Limpar'",
              "timedOut": null,
              "duration": 0,
              "state": "skipped",
              "speed": null,
              "pass": false,
              "fail": false,
              "pending": false,
              "context": null,
              "code": "cy.get('#clear-board').should('contain.text', 'Limpar');",
              "err": {},
              "uuid": "1908ada5-7516-4158-98c2-9f59e09faf33",
              "parentUUID": "e7dde04e-a575-4347-9697-7bc56a0f43fa",
              "isHook": false,
              "skipped": true
            },
            {
              "title": "Verifica se ao clicar no botão, o quadro de pixels é totalmente preenchido de branco",
              "fullTitle": "11 - Crie um botão que, ao ser clicado, limpa o quadro preenchendo a cor de todos seus pixels com branco Verifica se ao clicar no botão, o quadro de pixels é totalmente preenchido de branco",
              "timedOut": null,
              "duration": 0,
              "state": "skipped",
              "speed": null,
              "pass": false,
              "fail": false,
              "pending": false,
              "context": null,
              "code": "cy.get('.color').eq(1).then(function (color) {\n  var backgroundColor = color.css('background-color');\n  cy.wrap(color).click();\n  cy.get('.pixel').each(function (pixel) {\n    cy.wrap(pixel).click().should('have.css', 'background-color', backgroundColor);\n  });\n});\ncy.get('#clear-board').click();\ncy.get('.pixel').each(function (pixel) {\n  cy.wrap(pixel).should('have.css', 'background-color', WHITE);\n});",
              "err": {},
              "uuid": "a93ab68e-ac8c-4067-bfa0-cb38276e938e",
              "parentUUID": "e7dde04e-a575-4347-9697-7bc56a0f43fa",
              "isHook": false,
              "skipped": true
            }
          ],
          "suites": [],
          "passes": [],
          "failures": [
            "061e82d2-aea1-4262-b46c-c05d9ca5b845"
          ],
          "pending": [],
          "skipped": [
            "fb7d0068-1df3-4153-bd5e-55e61d9d8a4d",
            "1908ada5-7516-4158-98c2-9f59e09faf33",
            "a93ab68e-ac8c-4067-bfa0-cb38276e938e"
          ],
          "duration": 145,
          "root": false,
          "rootEmpty": false,
          "_timeout": 2000
        },
        {
          "uuid": "68496da3-aa28-48ad-9256-2353681d3c31",
          "title": "12 - Crie uma função para salvar e recuperar o seu desenho atual no localStorage",
          "fullFile": "",
          "file": "",
          "beforeHooks": [],
          "afterHooks": [],
          "tests": [
            {
              "title": "Os pixels pintados devem ser salvos no localStorage com a chave `pixelBoard`",
              "fullTitle": "12 - Crie uma função para salvar e recuperar o seu desenho atual no localStorage Os pixels pintados devem ser salvos no localStorage com a chave `pixelBoard`",
              "timedOut": null,
              "duration": 147,
              "state": "failed",
              "speed": null,
              "pass": false,
              "fail": true,
              "pending": false,
              "context": null,
              "code": "cy.get('.pixel:first').click().then(function () {\n  var pixelboard = localStorage.getItem('pixelBoard');\n  expect(pixelboard).to.not.equal(null);\n});",
              "err": {
                "message": "Uncaught TypeError: window.onload is not a function\n\nThis error originated from your application code, not from Cypress.\n\nWhen Cypress detects uncaught errors originating from your application it will automatically fail the current test.\n\nThis behavior is configurable, and you can choose to turn this off by listening to the 'uncaught:exception' event.\n\nhttps://on.cypress.io/uncaught-exception-from-application\n\nBecause this error occurred during a 'before each' hook we are skipping the remaining tests in the current suite: '12 - Crie uma função para s...'",
                "estack": "Uncaught TypeError: window.onload is not a function\n\nThis error originated from your application code, not from Cypress.\n\nWhen Cypress detects uncaught errors originating from your application it will automatically fail the current test.\n\nThis behavior is configurable, and you can choose to turn this off by listening to the 'uncaught:exception' event.\n\nhttps://on.cypress.io/uncaught-exception-from-application\n\nBecause this error occurred during a 'before each' hook we are skipping the remaining tests in the current suite: '12 - Crie uma função para s...'\n    at http://localhost:35491/script.js:1:8",
                "diff": null
              },
              "uuid": "067f4e15-bcbd-41ce-a41a-f3553dd02fc3",
              "parentUUID": "68496da3-aa28-48ad-9256-2353681d3c31",
              "isHook": false,
              "skipped": false
            },
            {
              "title": "O quadro deve ser preenchido com as mesmas cores utilizadas anteriormente, nas posições corretas ao recarregar a página",
              "fullTitle": "12 - Crie uma função para salvar e recuperar o seu desenho atual no localStorage O quadro deve ser preenchido com as mesmas cores utilizadas anteriormente, nas posições corretas ao recarregar a página",
              "timedOut": null,
              "duration": 0,
              "state": "skipped",
              "speed": null,
              "pass": false,
              "fail": false,
              "pending": false,
              "context": null,
              "code": "cy.get('.color').each(function (color, index) {\n  if (index === 2) {\n    cy.wrap(color).click();\n    var backgroundColor = color.css('background-color');\n    var clickedPixelsIndex = [2, 7, 10, 11, 12, 13, 14, 17, 22];\n    cy.get('.pixel').each(function (pixel, index) {\n      clickedPixelsIndex.forEach(function (pixelIndex) {\n        if (index === pixelIndex) cy.wrap(pixel).click();\n      });\n    });\n    cy.reload();\n    cy.get('.pixel').each(function (pixel, index) {\n      clickedPixelsIndex.forEach(function (pixelIndex) {\n        if (index === pixelIndex) cy.wrap(pixel).should('have.css', 'background-color', backgroundColor);\n      });\n    });\n  }\n});",
              "err": {},
              "uuid": "64fc498b-4a39-470f-bdee-c68b1960c8b1",
              "parentUUID": "68496da3-aa28-48ad-9256-2353681d3c31",
              "isHook": false,
              "skipped": true
            }
          ],
          "suites": [],
          "passes": [],
          "failures": [
            "067f4e15-bcbd-41ce-a41a-f3553dd02fc3"
          ],
          "pending": [],
          "skipped": [
            "64fc498b-4a39-470f-bdee-c68b1960c8b1"
          ],
          "duration": 147,
          "root": false,
          "rootEmpty": false,
          "_timeout": 2000
        },
        {
          "uuid": "16597b30-f046-4fc1-9d71-68b52e35d7bd",
          "title": "13 - Crie um input que permita à pessoa usuária preencher um novo tamanho para o quadro de pixels",
          "fullFile": "",
          "file": "",
          "beforeHooks": [],
          "afterHooks": [],
          "tests": [
            {
              "title": "Verifica se existe um input com o id `board-size`",
              "fullTitle": "13 - Crie um input que permita à pessoa usuária preencher um novo tamanho para o quadro de pixels Verifica se existe um input com o id `board-size`",
              "timedOut": null,
              "duration": 151,
              "state": "failed",
              "speed": null,
              "pass": false,
              "fail": true,
              "pending": false,
              "context": null,
              "code": "cy.get('#board-size').should('be.visible');",
              "err": {
                "message": "Uncaught TypeError: window.onload is not a function\n\nThis error originated from your application code, not from Cypress.\n\nWhen Cypress detects uncaught errors originating from your application it will automatically fail the current test.\n\nThis behavior is configurable, and you can choose to turn this off by listening to the 'uncaught:exception' event.\n\nhttps://on.cypress.io/uncaught-exception-from-application\n\nBecause this error occurred during a 'before each' hook we are skipping the remaining tests in the current suite: '13 - Crie um input que perm...'",
                "estack": "Uncaught TypeError: window.onload is not a function\n\nThis error originated from your application code, not from Cypress.\n\nWhen Cypress detects uncaught errors originating from your application it will automatically fail the current test.\n\nThis behavior is configurable, and you can choose to turn this off by listening to the 'uncaught:exception' event.\n\nhttps://on.cypress.io/uncaught-exception-from-application\n\nBecause this error occurred during a 'before each' hook we are skipping the remaining tests in the current suite: '13 - Crie um input que perm...'\n    at http://localhost:35491/script.js:1:8",
                "diff": null
              },
              "uuid": "3f6a8e0b-7e82-4d16-918c-94220bec126c",
              "parentUUID": "16597b30-f046-4fc1-9d71-68b52e35d7bd",
              "isHook": false,
              "skipped": false
            },
            {
              "title": "Verifica se existe um botão com o id `generate-board`",
              "fullTitle": "13 - Crie um input que permita à pessoa usuária preencher um novo tamanho para o quadro de pixels Verifica se existe um botão com o id `generate-board`",
              "timedOut": null,
              "duration": 0,
              "state": "skipped",
              "speed": null,
              "pass": false,
              "fail": false,
              "pending": false,
              "context": null,
              "code": "cy.get('#generate-board').should('be.visible');",
              "err": {},
              "uuid": "d220ea8d-6f3a-4467-9551-4871ed42e600",
              "parentUUID": "16597b30-f046-4fc1-9d71-68b52e35d7bd",
              "isHook": false,
              "skipped": true
            },
            {
              "title": "Verifica se o input só aceita número maiores que zero. Essa restrição deve ser feita usando os atributos do elemento `input`",
              "fullTitle": "13 - Crie um input que permita à pessoa usuária preencher um novo tamanho para o quadro de pixels Verifica se o input só aceita número maiores que zero. Essa restrição deve ser feita usando os atributos do elemento `input`",
              "timedOut": null,
              "duration": 0,
              "state": "skipped",
              "speed": null,
              "pass": false,
              "fail": false,
              "pending": false,
              "context": null,
              "code": "cy.get('#board-size[type=\\'number\\'][min=\\'1\\']');",
              "err": {},
              "uuid": "379aafc4-c8f2-4864-8a46-29327e7cb7a9",
              "parentUUID": "16597b30-f046-4fc1-9d71-68b52e35d7bd",
              "isHook": false,
              "skipped": true
            },
            {
              "title": "Verifica se o botão contém o texto 'VQV'",
              "fullTitle": "13 - Crie um input que permita à pessoa usuária preencher um novo tamanho para o quadro de pixels Verifica se o botão contém o texto 'VQV'",
              "timedOut": null,
              "duration": 0,
              "state": "skipped",
              "speed": null,
              "pass": false,
              "fail": false,
              "pending": false,
              "context": null,
              "code": "cy.get('#generate-board').contains(/vqv/i);",
              "err": {},
              "uuid": "2ddf4a51-c60e-4af7-a173-7207739c2cf6",
              "parentUUID": "16597b30-f046-4fc1-9d71-68b52e35d7bd",
              "isHook": false,
              "skipped": true
            },
            {
              "title": "Verifica se o input está posicionado entre a paleta de cores e o quadro de pixels",
              "fullTitle": "13 - Crie um input que permita à pessoa usuária preencher um novo tamanho para o quadro de pixels Verifica se o input está posicionado entre a paleta de cores e o quadro de pixels",
              "timedOut": null,
              "duration": 0,
              "state": "skipped",
              "speed": null,
              "pass": false,
              "fail": false,
              "pending": false,
              "context": null,
              "code": "cy.get('#color-palette').then(function (palette) {\n  cy.get('#board-size').should('be.belowOf', palette);\n});\ncy.get('#board-size').then(function (palette) {\n  cy.get('#pixel-board').should('be.belowOf', palette);\n});",
              "err": {},
              "uuid": "92acf65a-3b39-4fea-a1fb-4ac7eb1adcaf",
              "parentUUID": "16597b30-f046-4fc1-9d71-68b52e35d7bd",
              "isHook": false,
              "skipped": true
            },
            {
              "title": "Verifica se o botão está posicionado ao lado do input",
              "fullTitle": "13 - Crie um input que permita à pessoa usuária preencher um novo tamanho para o quadro de pixels Verifica se o botão está posicionado ao lado do input",
              "timedOut": null,
              "duration": 0,
              "state": "skipped",
              "speed": null,
              "pass": false,
              "fail": false,
              "pending": false,
              "context": null,
              "code": "cy.get('#board-size').then(function (board) {\n  cy.get('#generate-board').should('be.onTheRightOf', board);\n});",
              "err": {},
              "uuid": "a63d5994-b148-45cf-97b2-2f78e0b2152b",
              "parentUUID": "16597b30-f046-4fc1-9d71-68b52e35d7bd",
              "isHook": false,
              "skipped": true
            },
            {
              "title": "Verifica se nenhum valor for colocado no input ao clicar no botão, um `alert` é exibido com o texto: 'Board inválido!'",
              "fullTitle": "13 - Crie um input que permita à pessoa usuária preencher um novo tamanho para o quadro de pixels Verifica se nenhum valor for colocado no input ao clicar no botão, um `alert` é exibido com o texto: 'Board inválido!'",
              "timedOut": null,
              "duration": 0,
              "state": "skipped",
              "speed": null,
              "pass": false,
              "fail": false,
              "pending": false,
              "context": null,
              "code": "var alerted = false;\ncy.on('window:alert', function (msg) {\n  return alerted = msg;\n});\ncy.get('#generate-board').click().then(function () {\n  return expect(alerted).to.match(/Board inválido!/i);\n});",
              "err": {},
              "uuid": "6bb6426a-9772-4f39-a150-74cf1768a52e",
              "parentUUID": "16597b30-f046-4fc1-9d71-68b52e35d7bd",
              "isHook": false,
              "skipped": true
            },
            {
              "title": "Verifica se ao clicar no botão com um valor preenchido, o tamanho do board muda.",
              "fullTitle": "13 - Crie um input que permita à pessoa usuária preencher um novo tamanho para o quadro de pixels Verifica se ao clicar no botão com um valor preenchido, o tamanho do board muda.",
              "timedOut": null,
              "duration": 0,
              "state": "skipped",
              "speed": null,
              "pass": false,
              "fail": false,
              "pending": false,
              "context": null,
              "code": "cy.get('#board-size').clear().type(10);\ncy.get('#generate-board').click();\ncy.get('.pixel').should('have.length', 100);",
              "err": {},
              "uuid": "a467046c-8ce2-409f-85c0-6e8720982c38",
              "parentUUID": "16597b30-f046-4fc1-9d71-68b52e35d7bd",
              "isHook": false,
              "skipped": true
            },
            {
              "title": "Verifica se o novo quadro tem todos os pixels preenchidos com a cor branca",
              "fullTitle": "13 - Crie um input que permita à pessoa usuária preencher um novo tamanho para o quadro de pixels Verifica se o novo quadro tem todos os pixels preenchidos com a cor branca",
              "timedOut": null,
              "duration": 0,
              "state": "skipped",
              "speed": null,
              "pass": false,
              "fail": false,
              "pending": false,
              "context": null,
              "code": "cy.get('#board-size').clear().type(6);\ncy.get('#generate-board').click();\ncy.get('.pixel').should('have.length', 36).each(function (pixel) {\n  expect(pixel).to.have.css('background-color', WHITE);\n});",
              "err": {},
              "uuid": "84c4c104-8659-42ae-a3fc-1481de5109ef",
              "parentUUID": "16597b30-f046-4fc1-9d71-68b52e35d7bd",
              "isHook": false,
              "skipped": true
            }
          ],
          "suites": [],
          "passes": [],
          "failures": [
            "3f6a8e0b-7e82-4d16-918c-94220bec126c"
          ],
          "pending": [],
          "skipped": [
            "d220ea8d-6f3a-4467-9551-4871ed42e600",
            "379aafc4-c8f2-4864-8a46-29327e7cb7a9",
            "2ddf4a51-c60e-4af7-a173-7207739c2cf6",
            "92acf65a-3b39-4fea-a1fb-4ac7eb1adcaf",
            "a63d5994-b148-45cf-97b2-2f78e0b2152b",
            "6bb6426a-9772-4f39-a150-74cf1768a52e",
            "a467046c-8ce2-409f-85c0-6e8720982c38",
            "84c4c104-8659-42ae-a3fc-1481de5109ef"
          ],
          "duration": 151,
          "root": false,
          "rootEmpty": false,
          "_timeout": 2000
        },
        {
          "uuid": "f189504e-3fce-438f-b34b-a1ecbb040d1a",
          "title": "14 - Crie uma função que limite o tamanho mínimo e máximo do quadro de pixels",
          "fullFile": "",
          "file": "",
          "beforeHooks": [],
          "afterHooks": [],
          "tests": [
            {
              "title": "Verifica se a altura máxima do board é 50",
              "fullTitle": "14 - Crie uma função que limite o tamanho mínimo e máximo do quadro de pixels Verifica se a altura máxima do board é 50",
              "timedOut": null,
              "duration": 158,
              "state": "failed",
              "speed": null,
              "pass": false,
              "fail": true,
              "pending": false,
              "context": null,
              "code": "cy.get('#board-size').clear().type(50);\ncy.get('#generate-board').click();\ncy.get('.pixel').should('have.length', 2500);",
              "err": {
                "message": "Uncaught TypeError: window.onload is not a function\n\nThis error originated from your application code, not from Cypress.\n\nWhen Cypress detects uncaught errors originating from your application it will automatically fail the current test.\n\nThis behavior is configurable, and you can choose to turn this off by listening to the 'uncaught:exception' event.\n\nhttps://on.cypress.io/uncaught-exception-from-application\n\nBecause this error occurred during a 'before each' hook we are skipping the remaining tests in the current suite: '14 - Crie uma função que li...'",
                "estack": "Uncaught TypeError: window.onload is not a function\n\nThis error originated from your application code, not from Cypress.\n\nWhen Cypress detects uncaught errors originating from your application it will automatically fail the current test.\n\nThis behavior is configurable, and you can choose to turn this off by listening to the 'uncaught:exception' event.\n\nhttps://on.cypress.io/uncaught-exception-from-application\n\nBecause this error occurred during a 'before each' hook we are skipping the remaining tests in the current suite: '14 - Crie uma função que li...'\n    at http://localhost:35491/script.js:1:8",
                "diff": null
              },
              "uuid": "bc193a88-997c-4b13-8a52-af062e424c08",
              "parentUUID": "f189504e-3fce-438f-b34b-a1ecbb040d1a",
              "isHook": false,
              "skipped": false
            },
            {
              "title": "Verifica se a altura do board é 5 quando um valor menor é colocado no input",
              "fullTitle": "14 - Crie uma função que limite o tamanho mínimo e máximo do quadro de pixels Verifica se a altura do board é 5 quando um valor menor é colocado no input",
              "timedOut": null,
              "duration": 0,
              "state": "skipped",
              "speed": null,
              "pass": false,
              "fail": false,
              "pending": false,
              "context": null,
              "code": "cy.get('#board-size').clear().type(4);\ncy.get('#generate-board').click();\ncy.get('.pixel').should('have.length', 25);",
              "err": {},
              "uuid": "ba50e383-5b2d-4a34-bc9e-3400513169cc",
              "parentUUID": "f189504e-3fce-438f-b34b-a1ecbb040d1a",
              "isHook": false,
              "skipped": true
            },
            {
              "title": "Verifica se a altura do board é 50 quando um valor maior é colocado no input",
              "fullTitle": "14 - Crie uma função que limite o tamanho mínimo e máximo do quadro de pixels Verifica se a altura do board é 50 quando um valor maior é colocado no input",
              "timedOut": null,
              "duration": 0,
              "state": "skipped",
              "speed": null,
              "pass": false,
              "fail": false,
              "pending": false,
              "context": null,
              "code": "cy.get('#board-size').clear().type(51);\ncy.get('#generate-board').click();\ncy.get('.pixel').should('have.length', 2500);",
              "err": {},
              "uuid": "4f6fde67-fded-43ed-8cdd-f709e5f6fe55",
              "parentUUID": "f189504e-3fce-438f-b34b-a1ecbb040d1a",
              "isHook": false,
              "skipped": true
            }
          ],
          "suites": [],
          "passes": [],
          "failures": [
            "bc193a88-997c-4b13-8a52-af062e424c08"
          ],
          "pending": [],
          "skipped": [
            "ba50e383-5b2d-4a34-bc9e-3400513169cc",
            "4f6fde67-fded-43ed-8cdd-f709e5f6fe55"
          ],
          "duration": 158,
          "root": false,
          "rootEmpty": false,
          "_timeout": 2000
        },
        {
          "uuid": "4bfe8b6c-252e-4b81-b12f-a820840f3afc",
          "title": "15 - Crie uma função para manter o tamanho novo do board ao recarregar a página",
          "fullFile": "",
          "file": "",
          "beforeHooks": [],
          "afterHooks": [],
          "tests": [
            {
              "title": "O tamanho do board gerado deve ser salvo no localStorage com a chave `boardSize`",
              "fullTitle": "15 - Crie uma função para manter o tamanho novo do board ao recarregar a página O tamanho do board gerado deve ser salvo no localStorage com a chave `boardSize`",
              "timedOut": null,
              "duration": 140,
              "state": "failed",
              "speed": null,
              "pass": false,
              "fail": true,
              "pending": false,
              "context": null,
              "code": "cy.get('#board-size').clear().type(6);\ncy.get('#generate-board').click();\ncy.reload().then(function () {\n  var boardSize = JSON.parse(localStorage.getItem('boardSize'));\n  expect(boardSize).to.not.equal(null);\n});",
              "err": {
                "message": "Uncaught TypeError: window.onload is not a function\n\nThis error originated from your application code, not from Cypress.\n\nWhen Cypress detects uncaught errors originating from your application it will automatically fail the current test.\n\nThis behavior is configurable, and you can choose to turn this off by listening to the 'uncaught:exception' event.\n\nhttps://on.cypress.io/uncaught-exception-from-application\n\nBecause this error occurred during a 'before each' hook we are skipping the remaining tests in the current suite: '15 - Crie uma função para m...'",
                "estack": "Uncaught TypeError: window.onload is not a function\n\nThis error originated from your application code, not from Cypress.\n\nWhen Cypress detects uncaught errors originating from your application it will automatically fail the current test.\n\nThis behavior is configurable, and you can choose to turn this off by listening to the 'uncaught:exception' event.\n\nhttps://on.cypress.io/uncaught-exception-from-application\n\nBecause this error occurred during a 'before each' hook we are skipping the remaining tests in the current suite: '15 - Crie uma função para m...'\n    at http://localhost:35491/script.js:1:8",
                "diff": null
              },
              "uuid": "23a8af16-fadf-4906-8b46-0f92078d90ea",
              "parentUUID": "4bfe8b6c-252e-4b81-b12f-a820840f3afc",
              "isHook": false,
              "skipped": false
            },
            {
              "title": "O quadro deve ter o mesmo tamanho gerado ao recarregar a página.",
              "fullTitle": "15 - Crie uma função para manter o tamanho novo do board ao recarregar a página O quadro deve ter o mesmo tamanho gerado ao recarregar a página.",
              "timedOut": null,
              "duration": 0,
              "state": "skipped",
              "speed": null,
              "pass": false,
              "fail": false,
              "pending": false,
              "context": null,
              "code": "cy.get('#board-size').clear().type(6);\ncy.get('#generate-board').click();\ncy.reload();\ncy.get('.pixel').should('have.length', 36);",
              "err": {},
              "uuid": "bed9e443-0fd3-4bc5-bb65-0d77cde40233",
              "parentUUID": "4bfe8b6c-252e-4b81-b12f-a820840f3afc",
              "isHook": false,
              "skipped": true
            }
          ],
          "suites": [],
          "passes": [],
          "failures": [
            "23a8af16-fadf-4906-8b46-0f92078d90ea"
          ],
          "pending": [],
          "skipped": [
            "bed9e443-0fd3-4bc5-bb65-0d77cde40233"
          ],
          "duration": 140,
          "root": false,
          "rootEmpty": false,
          "_timeout": 2000
        }
      ],
      "passes": [],
      "failures": [],
      "pending": [],
      "skipped": [],
      "duration": 0,
      "root": true,
      "rootEmpty": true,
      "_timeout": 2000
    }
  ],
  "meta": {
    "mocha": {
      "version": "7.0.1"
    },
    "mochawesome": {
      "options": {
        "quiet": false,
        "reportFilename": "mochawesome",
        "saveHtml": false,
        "saveJson": true,
        "consoleReporter": "spec",
        "useInlineDiffs": false
      },
      "version": "4.1.0"
    },
    "marge": {
      "options": {
        "id": "default",
        "reportDir": "cypress/reports",
        "overwrite": true,
        "html": false,
        "json": true
      },
      "version": "4.1.0"
    }
  }
}